<?xml version="1.0" encoding="UTF-8"?>
<!-- Generated by org.testng.reporters.JUnitReportReporter -->
<testsuite name="com.addidasmobile.test.AddidasOrderVerification" tests="1" time="69.395" ignored="0" failures="0" timestamp="18 Jan 2018 05:22:49 GMT" skipped="0" hostname="ICPL12426" errors="0">
  <testcase name="testApp" time="69.395" classname="com.addidasmobile.test.AddidasOrderVerification"/>
</testsuite> <!-- com.addidasmobile.test.AddidasOrderVerification -->
