<?xml version="1.0" encoding="UTF-8"?>
<!-- Generated by org.testng.reporters.JUnitReportReporter -->
<testsuite name="com.addidasmobile.test.Testing" tests="1" time="74.709" ignored="0" failures="0" timestamp="10 Jan 2018 08:57:00 GMT" skipped="0" hostname="ICPL12426" errors="0">
  <testcase name="testApp" time="74.709" classname="com.addidasmobile.test.Testing"/>
</testsuite> <!-- com.addidasmobile.test.Testing -->
