<?xml version="1.0" encoding="UTF-8"?>
<!-- Generated by org.testng.reporters.JUnitReportReporter -->
<testsuite name="com.qmetry.qaf.automation.step.client.DataDrivenScenario" tests="8" time="597.135" ignored="1" failures="0" timestamp="19 Jan 2018 11:56:26 GMT" skipped="0" hostname="ICPL12426" errors="0">
  <testcase name="AddidasOrderVerification" time="73.405" classname="com.qmetry.qaf.automation.step.client.DataDrivenScenario"/>
  <testcase name="AddidasOrderVerification" time="74.101" classname="com.qmetry.qaf.automation.step.client.DataDrivenScenario"/>
  <testcase name="AddidasOrderVerification" time="69.575" classname="com.qmetry.qaf.automation.step.client.DataDrivenScenario"/>
  <testcase name="AddidasOrderVerification" time="73.828" classname="com.qmetry.qaf.automation.step.client.DataDrivenScenario"/>
  <testcase name="AddidasOrderVerification" time="73.730" classname="com.qmetry.qaf.automation.step.client.DataDrivenScenario"/>
  <testcase name="AddidasOrderVerification" time="76.268" classname="com.qmetry.qaf.automation.step.client.DataDrivenScenario"/>
  <testcase name="AddidasOrderVerification" time="64.948" classname="com.qmetry.qaf.automation.step.client.DataDrivenScenario"/>
  <testcase name="AddidasOrderVerification" time="91.280" classname="com.qmetry.qaf.automation.step.client.DataDrivenScenario"/>
  <testcase name="AddidasOrderVerification" classname="com.qmetry.qaf.automation.step.client.DataDrivenScenario">
    <skipped/>
  </testcase> <!-- AddidasOrderVerification -->
</testsuite> <!-- com.qmetry.qaf.automation.step.client.DataDrivenScenario -->
