<?xml version="1.0" encoding="UTF-8"?>
<!-- Generated by org.testng.reporters.JUnitReportReporter -->
<testsuite name="com.qmetry.qaf.automation.step.client.DataDrivenScenario" tests="9" time="743.338" ignored="1" failures="0" timestamp="17 Jan 2018 11:58:41 GMT" skipped="0" hostname="ICPL12426" errors="0">
  <testcase name="AddidasOrderVerification" time="77.827" classname="com.qmetry.qaf.automation.step.client.DataDrivenScenario"/>
  <testcase name="AddidasOrderVerification" time="77.044" classname="com.qmetry.qaf.automation.step.client.DataDrivenScenario"/>
  <testcase name="AddidasOrderVerification" time="116.641" classname="com.qmetry.qaf.automation.step.client.DataDrivenScenario"/>
  <testcase name="AddidasOrderVerification" time="72.049" classname="com.qmetry.qaf.automation.step.client.DataDrivenScenario"/>
  <testcase name="AddidasOrderVerification" time="77.398" classname="com.qmetry.qaf.automation.step.client.DataDrivenScenario"/>
  <testcase name="AddidasOrderVerification" time="74.424" classname="com.qmetry.qaf.automation.step.client.DataDrivenScenario"/>
  <testcase name="AddidasOrderVerification" time="94.267" classname="com.qmetry.qaf.automation.step.client.DataDrivenScenario"/>
  <testcase name="AddidasOrderVerification" time="74.916" classname="com.qmetry.qaf.automation.step.client.DataDrivenScenario"/>
  <testcase name="AddidasOrderVerification" time="78.772" classname="com.qmetry.qaf.automation.step.client.DataDrivenScenario"/>
  <testcase name="AddidasOrderVerification" classname="com.qmetry.qaf.automation.step.client.DataDrivenScenario">
    <skipped/>
  </testcase> <!-- AddidasOrderVerification -->
</testsuite> <!-- com.qmetry.qaf.automation.step.client.DataDrivenScenario -->
